<?xml version="1.0" encoding="UTF-8"?>
<!-- Generated by org.testng.reporters.JUnitReportReporter -->
<testsuite hostname="IBM-PF37ZW9J" failures="0" tests="1" name="exercisePackage.AssignmentTest1" time="23.992" errors="0" timestamp="2022-12-02T11:38:48 IST" skipped="0">
  <testcase classname="exercisePackage.AssignmentTest1" name="sauceDemo" time="23.992"/>
  <system-out/>
</testsuite> <!-- exercisePackage.AssignmentTest1 -->
