<?xml version="1.0" encoding="UTF-8"?>
<!-- Generated by org.testng.reporters.JUnitReportReporter -->
<testsuite hostname="IBM-PF37ZW9J" failures="0" tests="1" name="exercisePackage.AssignmentTest2" time="24.051" errors="0" timestamp="2022-12-02T11:38:48 IST" skipped="0">
  <testcase classname="exercisePackage.AssignmentTest2" name="computerDatabase" time="24.051"/>
  <system-out/>
</testsuite> <!-- exercisePackage.AssignmentTest2 -->
